<?xml version="1.0" encoding="UTF-8"?>
<testsuite xmlns:xsi="http://www.w3.org/2001/XMLSchema-instance" xsi:noNamespaceSchemaLocation="https://maven.apache.org/surefire/maven-surefire-plugin/xsd/surefire-test-report-3.0.xsd" version="3.0" name="com.library.system.LibrarySystemApplicationTests" time="0.597" tests="1" errors="0" skipped="0" failures="0">
  <properties>
[...]
</properties>
  <testcase name="contextLoads" classname="com.library.system.LibrarySystemApplicationTests" time="0.003">
    <system-out><![CDATA[2026-05-16T12:22:36.013+08:00  INFO 27768 --- [           main] t.c.s.AnnotationConfigContextLoaderUtils : Could not detect default configuration classes for test class [com.library.system.LibrarySystemApplicationTests]: LibrarySystemApplicationTests does not declare any static, non-private, non-final, nested classes annotated with @Configuration.
2026-05-16T12:22:36.018+08:00  INFO 27768 --- [           main] .b.t.c.SpringBootTestContextBootstrapper : Found @SpringBootConfiguration com.library.system.LibrarySystemApplication for test class com.library.system.LibrarySystemApplicationTests

  .   ____          _            __ _ _
 /\\ / ___'_ __ _ _(_)_ __  __ _ \ \ \ \
( ( )\___ | '_ | '_| | '_ \/ _` | \ \ \ \
 \\/  ___)| |_)| | | | | || (_| |  ) ) ) )
  '  |____| .__|_| |_|_| |_\__, | / / / /
 =========|_|==============|___/=/_/_/_/
 :: Spring Boot ::                (v3.2.0)

2026-05-16T12:22:36.036+08:00  INFO 27768 --- [           main] c.l.s.LibrarySystemApplicationTests      : Starting LibrarySystemApplicationTests using Java 17.0.18 with PID 27768 (started by zhangdong in C:\Users\zhangdong\Desktop\library-system\Backend)
2026-05-16T12:22:36.036+08:00  INFO 27768 --- [           main] c.l.s.LibrarySystemApplicationTests      : No active profile set, falling back to 1 default profile: "default"
2026-05-16T12:22:36.213+08:00  INFO 27768 --- [           main] com.zaxxer.hikari.HikariDataSource       : HikariPool-2 - Starting...
2026-05-16T12:22:36.464+08:00  INFO 27768 --- [           main] com.zaxxer.hikari.pool.HikariPool        : HikariPool-2 - Added connection com.mysql.cj.jdbc.ConnectionImpl@736f2fb8
2026-05-16T12:22:36.464+08:00  INFO 27768 --- [           main] com.zaxxer.hikari.HikariDataSource       : HikariPool-2 - Start completed.
2026-05-16T12:22:36.521+08:00  WARN 27768 --- [           main] .s.s.UserDetailsServiceAutoConfiguration : 

Using generated security password: 005201a7-dbfd-4622-8156-8aebf5f4c2be

This generated password is for development use only. Your security configuration must be updated before running your application in production.

2026-05-16T12:22:36.526+08:00  INFO 27768 --- [           main] o.s.s.web.DefaultSecurityFilterChain     : Will secure any request with [org.springframework.security.web.session.DisableEncodeUrlFilter@219a2203, org.springframework.security.web.context.request.async.WebAsyncManagerIntegrationFilter@58fbfefb, org.springframework.security.web.context.SecurityContextHolderFilter@77648321, org.springframework.security.web.header.HeaderWriterFilter@78a34c47, org.springframework.web.filter.CorsFilter@1db9c2cf, org.springframework.security.web.authentication.logout.LogoutFilter@1ddc889b, org.springframework.security.web.savedrequest.RequestCacheAwareFilter@43201f84, org.springframework.security.web.servletapi.SecurityContextHolderAwareRequestFilter@2c51c756, org.springframework.security.web.authentication.AnonymousAuthenticationFilter@32e7df65, org.springframework.security.web.access.ExceptionTranslationFilter@27691ee8, org.springframework.security.web.access.intercept.AuthorizationFilter@7c0a6f62]
2026-05-16T12:22:36.605+08:00  INFO 27768 --- [           main] c.l.s.LibrarySystemApplicationTests      : Started LibrarySystemApplicationTests in 0.583 seconds (process running for 4.458)
]]></system-out>
  </testcase>
</testsuite>