<?xml version="1.0" encoding="UTF-8"?>
<testsuite xmlns:xsi="http://www.w3.org/2001/XMLSchema-instance" xsi:noNamespaceSchemaLocation="https://maven.apache.org/surefire/maven-surefire-plugin/xsd/surefire-test-report-3.0.xsd" version="3.0" name="com.library.system.controller.BookControllerTest" time="3.296" tests="10" errors="0" skipped="0" failures="0">
  <properties>
[...]
</properties>
  <testcase name="testFindAll" classname="com.library.system.controller.BookControllerTest" time="0.899">
    <system-out><![CDATA[19:36:16.495 [main] INFO org.springframework.test.context.support.AnnotationConfigContextLoaderUtils -- Could not detect default configuration classes for test class [com.library.system.controller.BookControllerTest]: BookControllerTest does not declare any static, non-private, non-final, nested classes annotated with @Configuration.
19:36:16.589 [main] INFO org.springframework.boot.test.context.SpringBootTestContextBootstrapper -- Found @SpringBootConfiguration com.library.system.LibrarySystemApplication for test class com.library.system.controller.BookControllerTest

  .   ____          _            __ _ _
 /\\ / ___'_ __ _ _(_)_ __  __ _ \ \ \ \
( ( )\___ | '_ | '_| | '_ \/ _` | \ \ \ \
 \\/  ___)| |_)| | | | | || (_| |  ) ) ) )
  '  |____| .__|_| |_|_| |_\__, | / / / /
 =========|_|==============|___/=/_/_/_/
 :: Spring Boot ::                (v3.2.0)

2026-05-09T19:36:16.897+08:00  INFO 17900 --- [           main] c.l.s.controller.BookControllerTest      : Starting BookControllerTest using Java 17.0.18 with PID 17900 (started by zhangdong in C:\Users\zhangdong\Desktop\library-system\yonghumokuai)
2026-05-09T19:36:16.899+08:00  INFO 17900 --- [           main] c.l.s.controller.BookControllerTest      : The following 1 profile is active: "test"
2026-05-09T19:36:17.610+08:00  INFO 17900 --- [           main] com.zaxxer.hikari.HikariDataSource       : HikariPool-1 - Starting...
2026-05-09T19:36:17.777+08:00  INFO 17900 --- [           main] com.zaxxer.hikari.pool.HikariPool        : HikariPool-1 - Added connection conn0: url=jdbc:h2:mem:testdb user=SA
2026-05-09T19:36:17.777+08:00  INFO 17900 --- [           main] com.zaxxer.hikari.HikariDataSource       : HikariPool-1 - Start completed.
2026-05-09T19:36:18.089+08:00  WARN 17900 --- [           main] .s.s.UserDetailsServiceAutoConfiguration : 

Using generated security password: 18873bc8-16cc-47bf-8d86-1b7cf8d6b5c6

This generated password is for development use only. Your security configuration must be updated before running your application in production.

2026-05-09T19:36:18.187+08:00  INFO 17900 --- [           main] o.s.s.web.DefaultSecurityFilterChain     : Will secure any request with [org.springframework.security.web.session.DisableEncodeUrlFilter@6dae70f9, org.springframework.security.web.context.request.async.WebAsyncManagerIntegrationFilter@4d81e83a, org.springframework.security.web.context.SecurityContextHolderFilter@4e958f08, org.springframework.security.web.header.HeaderWriterFilter@39f0c343, org.springframework.web.filter.CorsFilter@53a301f3, org.springframework.security.web.authentication.logout.LogoutFilter@77c66a4f, org.springframework.security.web.savedrequest.RequestCacheAwareFilter@3bbb8c16, org.springframework.security.web.servletapi.SecurityContextHolderAwareRequestFilter@73e1ecd0, org.springframework.security.web.authentication.AnonymousAuthenticationFilter@7cf8f45a, org.springframework.security.web.access.ExceptionTranslationFilter@3ca3648, org.springframework.security.web.access.intercept.AuthorizationFilter@67d8faec]
2026-05-09T19:36:18.536+08:00  INFO 17900 --- [           main] o.s.b.a.h2.H2ConsoleAutoConfiguration    : H2 console available at '/h2-console'. Database available at 'jdbc:h2:mem:testdb'
2026-05-09T19:36:18.585+08:00  INFO 17900 --- [           main] o.s.b.t.m.w.SpringBootMockServletContext : Initializing Spring TestDispatcherServlet ''
2026-05-09T19:36:18.592+08:00  INFO 17900 --- [           main] o.s.t.web.servlet.TestDispatcherServlet  : Initializing Servlet ''
2026-05-09T19:36:18.592+08:00  INFO 17900 --- [           main] o.s.t.web.servlet.TestDispatcherServlet  : Completed initialization in 0 ms
2026-05-09T19:36:18.610+08:00  INFO 17900 --- [           main] c.l.s.controller.BookControllerTest      : Started BookControllerTest in 1.902 seconds (process running for 2.702)
]]></system-out>
  </testcase>
  <testcase name="testFindById" classname="com.library.system.controller.BookControllerTest" time="0.013"/>
  <testcase name="testFindByIdNotFound" classname="com.library.system.controller.BookControllerTest" time="0.005"/>
  <testcase name="testSearch" classname="com.library.system.controller.BookControllerTest" time="0.032"/>
  <testcase name="testFindAvailable" classname="com.library.system.controller.BookControllerTest" time="0.004"/>
  <testcase name="testAddBook" classname="com.library.system.controller.BookControllerTest" time="0.026"/>
  <testcase name="testUpdateBook" classname="com.library.system.controller.BookControllerTest" time="0.006"/>
  <testcase name="testUpdateBookNotFound" classname="com.library.system.controller.BookControllerTest" time="0.004"/>
  <testcase name="testDeleteBook" classname="com.library.system.controller.BookControllerTest" time="0.005"/>
  <testcase name="testDeleteBookNotFound" classname="com.library.system.controller.BookControllerTest" time="0.002"/>
</testsuite>