<?xml version="1.0" encoding="UTF-8"?>
<testsuite xmlns:xsi="http://www.w3.org/2001/XMLSchema-instance" xsi:noNamespaceSchemaLocation="https://maven.apache.org/surefire/maven-surefire-plugin/xsd/surefire-test-report-3.0.xsd" version="3.0" name="com.library.system.controller.UserControllerTest" time="0.181" tests="12" errors="0" skipped="0" failures="0">
  <properties>
[...]
</properties>
  <testcase name="testLogin" classname="com.library.system.controller.UserControllerTest" time="0.016">
    <system-out><![CDATA[2026-05-16T12:29:07.536+08:00  INFO 28012 --- [           main] t.c.s.AnnotationConfigContextLoaderUtils : Could not detect default configuration classes for test class [com.library.system.controller.UserControllerTest]: UserControllerTest does not declare any static, non-private, non-final, nested classes annotated with @Configuration.
2026-05-16T12:29:07.539+08:00  INFO 28012 --- [           main] .b.t.c.SpringBootTestContextBootstrapper : Found @SpringBootConfiguration com.library.system.LibrarySystemApplication for test class com.library.system.controller.UserControllerTest
]]></system-out>
  </testcase>
  <testcase name="testLoginWithWrongPassword" classname="com.library.system.controller.UserControllerTest" time="0.006"/>
  <testcase name="testFindAll" classname="com.library.system.controller.UserControllerTest" time="0.009"/>
  <testcase name="testFindById" classname="com.library.system.controller.UserControllerTest" time="0.006"/>
  <testcase name="testFindByIdNotFound" classname="com.library.system.controller.UserControllerTest" time="0.005"/>
  <testcase name="testAddUser" classname="com.library.system.controller.UserControllerTest" time="0.072"/>
  <testcase name="testAddUserWithExistingUsername" classname="com.library.system.controller.UserControllerTest" time="0.005"/>
  <testcase name="testUpdateUser" classname="com.library.system.controller.UserControllerTest" time="0.008"/>
  <testcase name="testUpdateUserNotFound" classname="com.library.system.controller.UserControllerTest" time="0.006"/>
  <testcase name="testDeleteUser" classname="com.library.system.controller.UserControllerTest" time="0.01"/>
  <testcase name="testDeleteUserNotFound" classname="com.library.system.controller.UserControllerTest" time="0.006"/>
  <testcase name="testSearchUser" classname="com.library.system.controller.UserControllerTest" time="0.016"/>
</testsuite>